  [1m[35m (480.7ms)[0m  [1m[35mCREATE DATABASE "routes_controllers_development" ENCODING = 'unicode'[0m
  ↳ bin/rails:9
  [1m[35m (160.9ms)[0m  [1m[35mCREATE DATABASE "routes_controllers_test" ENCODING = 'unicode'[0m
  ↳ bin/rails:9
Started GET "/" for ::1 at 2020-04-22 14:22:11 -0400
Processing by Rails::WelcomeController#index as HTML
  Rendering /Users/saintpablo/.rbenv/versions/2.5.1/lib/ruby/gems/2.5.0/gems/railties-5.2.4.2/lib/rails/templates/rails/welcome/index.html.erb
  Rendered /Users/saintpablo/.rbenv/versions/2.5.1/lib/ruby/gems/2.5.0/gems/railties-5.2.4.2/lib/rails/templates/rails/welcome/index.html.erb (5.1ms)
Completed 200 OK in 38ms (Views: 14.1ms | ActiveRecord: 0.0ms)


Started GET "/" for 127.0.0.1 at 2020-04-22 14:22:17 -0400
Processing by Rails::WelcomeController#index as HTML
  Rendering /Users/saintpablo/.rbenv/versions/2.5.1/lib/ruby/gems/2.5.0/gems/railties-5.2.4.2/lib/rails/templates/rails/welcome/index.html.erb
  Rendered /Users/saintpablo/.rbenv/versions/2.5.1/lib/ruby/gems/2.5.0/gems/railties-5.2.4.2/lib/rails/templates/rails/welcome/index.html.erb (16.4ms)
Completed 200 OK in 31ms (Views: 22.4ms | ActiveRecord: 0.0ms)


Started GET "/" for 127.0.0.1 at 2020-04-22 14:24:23 -0400
Processing by Rails::WelcomeController#index as HTML
  Rendering /Users/saintpablo/.rbenv/versions/2.5.1/lib/ruby/gems/2.5.0/gems/railties-5.2.4.2/lib/rails/templates/rails/welcome/index.html.erb
  Rendered /Users/saintpablo/.rbenv/versions/2.5.1/lib/ruby/gems/2.5.0/gems/railties-5.2.4.2/lib/rails/templates/rails/welcome/index.html.erb (3.1ms)
Completed 200 OK in 16ms (Views: 9.1ms | ActiveRecord: 0.0ms)


Started GET "/users" for 127.0.0.1 at 2020-04-22 14:26:05 -0400

AbstractController::ActionNotFound - The action 'index' could not be found for UsersController:

Started GET "/users" for ::1 at 2020-04-22 14:27:00 -0400

AbstractController::ActionNotFound - The action 'index' could not be found for UsersController:

Started GET "/users" for 127.0.0.1 at 2020-04-22 14:28:24 -0400
Processing by UsersController#index as */*
No template found for UsersController#index, rendering head :no_content
Completed 204 No Content in 440ms (ActiveRecord: 0.0ms)


Started GET "/users" for ::1 at 2020-04-22 14:28:48 -0400
Processing by UsersController#index as */*
No template found for UsersController#index, rendering head :no_content
Completed 204 No Content in 374ms (ActiveRecord: 0.0ms)


Started GET "/users" for 127.0.0.1 at 2020-04-22 14:30:43 -0400
Processing by UsersController#index as */*
  Rendering text template
  Rendered text template (0.1ms)
Completed 200 OK in 19ms (Views: 18.7ms | ActiveRecord: 0.0ms)


Started GET "/users" for ::1 at 2020-04-22 14:31:44 -0400
Processing by UsersController#index as */*
  Rendering text template
  Rendered text template (0.0ms)
Completed 200 OK in 1ms (Views: 0.6ms | ActiveRecord: 0.0ms)


Started GET "/users/users?fav_food=pizza" for 127.0.0.1 at 2020-04-22 14:32:58 -0400

AbstractController::ActionNotFound - The action 'show' could not be found for UsersController:

Started GET "/users?fav_food=pizza" for 127.0.0.1 at 2020-04-22 14:33:07 -0400
Processing by UsersController#index as */*
  Parameters: {"fav_food"=>"pizza"}
  Rendering text template
  Rendered text template (0.0ms)
Completed 200 OK in 1ms (Views: 0.5ms | ActiveRecord: 0.0ms)


Started GET "/users?admin=true" for 127.0.0.1 at 2020-04-22 14:34:18 -0400
Processing by UsersController#index as */*
  Parameters: {"admin"=>"true"}
  Rendering text template
  Rendered text template (0.0ms)
Completed 200 OK in 1ms (Views: 0.4ms | ActiveRecord: 0.0ms)


Started POST "/users" for 127.0.0.1 at 2020-04-22 14:36:33 -0400

AbstractController::ActionNotFound - The action 'create' could not be found for UsersController:

Started POST "/users" for 127.0.0.1 at 2020-04-22 14:37:54 -0400
Processing by UsersController#create as */*
  Parameters: {"admin"=>"true"}
Completed 200 OK in 1ms (Views: 0.7ms | ActiveRecord: 0.0ms)


Started POST "/users" for 127.0.0.1 at 2020-04-22 14:38:35 -0400
Processing by UsersController#create as */*
  Parameters: {"admin"=>"true", "fav_food"=>"pizza"}
Completed 200 OK in 2ms (Views: 0.3ms | ActiveRecord: 0.0ms)


Started POST "/users" for 127.0.0.1 at 2020-04-22 14:38:46 -0400
Processing by UsersController#create as */*
  Parameters: {"admin"=>"true", "fav_food"=>"pizza"}
Completed 200 OK in 1ms (Views: 0.2ms | ActiveRecord: 0.0ms)


Started POST "/users" for 127.0.0.1 at 2020-04-22 14:39:16 -0400
Processing by UsersController#create as */*
  Parameters: {"admin"=>"true", "fav_food"=>"pizza"}
Completed 200 OK in 1ms (Views: 0.2ms | ActiveRecord: 0.0ms)


Started GET "/users/2" for 127.0.0.1 at 2020-04-22 14:42:43 -0400
Processing by UsersController#show as */*
  Parameters: {"admin"=>"true", "fav_food"=>"pizza", "id"=>"2"}
Completed 200 OK in 1ms (Views: 0.2ms | ActiveRecord: 0.0ms)


Started POST "/users/" for 127.0.0.1 at 2020-04-22 14:47:26 -0400

Rack::QueryParser::ParameterTypeError - expected Hash (got String) for param `fav_food':

Started POST "/users/" for 127.0.0.1 at 2020-04-22 14:48:16 -0400
Processing by UsersController#create as */*
  Parameters: {"admin"=>"true", "fav_food"=>"pizza", "ruler"=>{"king"=>"caesar"}}
Completed 200 OK in 1ms (Views: 0.2ms | ActiveRecord: 0.0ms)


Started POST "/users/" for 127.0.0.1 at 2020-04-22 14:49:17 -0400
Processing by UsersController#create as */*
  Parameters: {"admin"=>"true", "fav_food"=>"pizza", "ruler"=>{"king"=>"caesar", "queen"=>"card"}}
Completed 200 OK in 1ms (Views: 0.3ms | ActiveRecord: 0.0ms)


Started GET "/users/2" for 127.0.0.1 at 2020-04-22 14:49:54 -0400
Processing by UsersController#show as */*
  Parameters: {"admin"=>"true", "fav_food"=>"pizza", "ruler"=>{"king"=>"caesar", "queen"=>"card"}, "id"=>"2"}
Completed 200 OK in 1ms (Views: 0.1ms | ActiveRecord: 0.0ms)


Started GET "/users/3" for 127.0.0.1 at 2020-04-22 14:50:04 -0400
Processing by UsersController#show as */*
  Parameters: {"admin"=>"true", "fav_food"=>"pizza", "ruler"=>{"king"=>"caesar", "queen"=>"card"}, "id"=>"3"}
Completed 200 OK in 0ms (Views: 0.1ms | ActiveRecord: 0.0ms)


Started GET "/users/4" for 127.0.0.1 at 2020-04-22 14:50:16 -0400
Processing by UsersController#show as */*
  Parameters: {"admin"=>"true", "id"=>"4"}
Completed 200 OK in 1ms (Views: 0.1ms | ActiveRecord: 0.0ms)


Started GET "/users/2" for 127.0.0.1 at 2020-04-22 14:51:41 -0400
Processing by UsersController#show as */*
  Parameters: {"admin"=>"true", "fav_food"=>"pizza", "ruler"=>{"king"=>"caesar", "queen"=>"card"}, "id"=>"2"}
Completed 200 OK in 1ms (Views: 0.1ms | ActiveRecord: 0.0ms)


  [1m[35m (33.0ms)[0m  [1m[35mCREATE TABLE "schema_migrations" ("version" character varying NOT NULL PRIMARY KEY)[0m
  ↳ bin/rails:9
  [1m[35m (27.8ms)[0m  [1m[35mCREATE TABLE "ar_internal_metadata" ("key" character varying NOT NULL PRIMARY KEY, "value" character varying, "created_at" timestamp NOT NULL, "updated_at" timestamp NOT NULL)[0m
  ↳ bin/rails:9
  [1m[35m (0.6ms)[0m  [1m[34mSELECT pg_try_advisory_lock(642293562874849410)[0m
  ↳ bin/rails:9
  [1m[35m (1.1ms)[0m  [1m[34mSELECT "schema_migrations"."version" FROM "schema_migrations" ORDER BY "schema_migrations"."version" ASC[0m
  ↳ bin/rails:9
Migrating to CreateUsers (20200422185820)
  [1m[35m (0.1ms)[0m  [1m[35mBEGIN[0m
  ↳ bin/rails:9
  [1m[35m (37.9ms)[0m  [1m[35mCREATE TABLE "users" ("id" bigserial primary key, "users" character varying NOT NULL, "name" character varying NOT NULL, "email" character varying NOT NULL, "created_at" timestamp NOT NULL, "updated_at" timestamp NOT NULL)[0m
  ↳ db/migrate/20200422185820_create_users.rb:3
  [1m[36mActiveRecord::SchemaMigration Create (0.8ms)[0m  [1m[32mINSERT INTO "schema_migrations" ("version") VALUES ($1) RETURNING "version"[0m  [["version", "20200422185820"]]
  ↳ bin/rails:9
  [1m[35m (6.6ms)[0m  [1m[35mCOMMIT[0m
  ↳ bin/rails:9
  [1m[36mActiveRecord::InternalMetadata Load (0.5ms)[0m  [1m[34mSELECT  "ar_internal_metadata".* FROM "ar_internal_metadata" WHERE "ar_internal_metadata"."key" = $1 LIMIT $2[0m  [["key", "environment"], ["LIMIT", 1]]
  ↳ bin/rails:9
  [1m[35m (0.1ms)[0m  [1m[35mBEGIN[0m
  ↳ bin/rails:9
  [1m[36mActiveRecord::InternalMetadata Create (0.5ms)[0m  [1m[32mINSERT INTO "ar_internal_metadata" ("key", "value", "created_at", "updated_at") VALUES ($1, $2, $3, $4) RETURNING "key"[0m  [["key", "environment"], ["value", "development"], ["created_at", "2020-04-22 18:59:34.698701"], ["updated_at", "2020-04-22 18:59:34.698701"]]
  ↳ bin/rails:9
  [1m[35m (0.5ms)[0m  [1m[35mCOMMIT[0m
  ↳ bin/rails:9
  [1m[35m (0.3ms)[0m  [1m[34mSELECT pg_advisory_unlock(642293562874849410)[0m
  ↳ bin/rails:9
  [1m[35m (0.9ms)[0m  [1m[34mSELECT "schema_migrations"."version" FROM "schema_migrations" ORDER BY "schema_migrations"."version" ASC[0m
  ↳ bin/rails:9
  [1m[35m (0.8ms)[0m  [1m[34mSELECT "schema_migrations"."version" FROM "schema_migrations" ORDER BY "schema_migrations"."version" ASC[0m
  ↳ bin/rails:9
Started GET "/users/2?user=u1" for 127.0.0.1 at 2020-04-22 15:11:44 -0400
  [1m[35m (1.4ms)[0m  [1m[34mSELECT "schema_migrations"."version" FROM "schema_migrations" ORDER BY "schema_migrations"."version" ASC[0m
  ↳ /Users/saintpablo/.rbenv/versions/2.5.1/lib/ruby/gems/2.5.0/gems/activerecord-5.2.4.2/lib/active_record/log_subscriber.rb:98
Processing by UsersController#show as */*
  Parameters: {"admin"=>"true", "fav_food"=>"pizza", "ruler"=>{"king"=>"caesar", "queen"=>"card"}, "user"=>"u1", "id"=>"2"}
Completed 200 OK in 0ms (Views: 0.1ms | ActiveRecord: 0.0ms)


  [1m[35m (0.6ms)[0m  [1m[35mBEGIN[0m
  [1m[36mUser Create (18.9ms)[0m  [1m[32mINSERT INTO "users" ("name", "email", "created_at", "updated_at") VALUES ($1, $2, $3, $4) RETURNING "id"[0m  [["name", "eric"], ["email", "eric@aol.com"], ["created_at", "2020-04-22 19:13:52.491157"], ["updated_at", "2020-04-22 19:13:52.491157"]]
  [1m[35m (0.2ms)[0m  [1m[31mROLLBACK[0m
  [1m[35m (1.0ms)[0m  [1m[34mSELECT "schema_migrations"."version" FROM "schema_migrations" ORDER BY "schema_migrations"."version" ASC[0m
  ↳ bin/rails:9
  [1m[35m (0.2ms)[0m  [1m[34mSELECT "schema_migrations"."version" FROM "schema_migrations" ORDER BY "schema_migrations"."version" ASC[0m
  ↳ bin/rails:9
  [1m[35m (0.7ms)[0m  [1m[34mSELECT "schema_migrations"."version" FROM "schema_migrations" ORDER BY "schema_migrations"."version" ASC[0m
  ↳ bin/rails:9
  [1m[35m (0.2ms)[0m  [1m[34mSELECT pg_try_advisory_lock(642293562874849410)[0m
  ↳ bin/rails:9
  [1m[35m (0.3ms)[0m  [1m[34mSELECT "schema_migrations"."version" FROM "schema_migrations" ORDER BY "schema_migrations"."version" ASC[0m
  ↳ bin/rails:9
Migrating to CreateUsers (20200422185820)
  [1m[35m (0.1ms)[0m  [1m[35mBEGIN[0m
  ↳ bin/rails:9
  [1m[35m (26.5ms)[0m  [1m[35mDROP TABLE "users"[0m
  ↳ bin/rails:9
  [1m[36mActiveRecord::SchemaMigration Destroy (0.6ms)[0m  [1m[31mDELETE FROM "schema_migrations" WHERE "schema_migrations"."version" = $1[0m  [["version", "20200422185820"]]
  ↳ bin/rails:9
  [1m[35m (12.2ms)[0m  [1m[35mCOMMIT[0m
  ↳ bin/rails:9
  [1m[35m (0.3ms)[0m  [1m[34mSELECT pg_advisory_unlock(642293562874849410)[0m
  ↳ bin/rails:9
  [1m[35m (0.3ms)[0m  [1m[34mSELECT "schema_migrations"."version" FROM "schema_migrations" ORDER BY "schema_migrations"."version" ASC[0m
  ↳ bin/rails:9
  [1m[35m (0.2ms)[0m  [1m[34mSELECT pg_try_advisory_lock(642293562874849410)[0m
  ↳ bin/rails:9
  [1m[35m (1.4ms)[0m  [1m[34mSELECT "schema_migrations"."version" FROM "schema_migrations" ORDER BY "schema_migrations"."version" ASC[0m
  ↳ bin/rails:9
Migrating to CreateUsers (20200422185820)
  [1m[35m (0.1ms)[0m  [1m[35mBEGIN[0m
  ↳ bin/rails:9
  [1m[35m (6.4ms)[0m  [1m[35mCREATE TABLE "users" ("id" bigserial primary key, "name" character varying NOT NULL, "email" character varying NOT NULL, "created_at" timestamp NOT NULL, "updated_at" timestamp NOT NULL)[0m
  ↳ db/migrate/20200422185820_create_users.rb:3
  [1m[36mActiveRecord::SchemaMigration Create (0.3ms)[0m  [1m[32mINSERT INTO "schema_migrations" ("version") VALUES ($1) RETURNING "version"[0m  [["version", "20200422185820"]]
  ↳ bin/rails:9
  [1m[35m (0.6ms)[0m  [1m[35mCOMMIT[0m
  ↳ bin/rails:9
  [1m[36mActiveRecord::InternalMetadata Load (0.4ms)[0m  [1m[34mSELECT  "ar_internal_metadata".* FROM "ar_internal_metadata" WHERE "ar_internal_metadata"."key" = $1 LIMIT $2[0m  [["key", "environment"], ["LIMIT", 1]]
  ↳ bin/rails:9
  [1m[35m (0.2ms)[0m  [1m[35mBEGIN[0m
  ↳ bin/rails:9
  [1m[35m (0.1ms)[0m  [1m[35mCOMMIT[0m
  ↳ bin/rails:9
  [1m[35m (0.2ms)[0m  [1m[34mSELECT pg_advisory_unlock(642293562874849410)[0m
  ↳ bin/rails:9
  [1m[35m (0.2ms)[0m  [1m[34mSELECT "schema_migrations"."version" FROM "schema_migrations" ORDER BY "schema_migrations"."version" ASC[0m
  ↳ bin/rails:9
  [1m[35m (0.1ms)[0m  [1m[35mBEGIN[0m
  [1m[36mUser Create (1.0ms)[0m  [1m[32mINSERT INTO "users" ("name", "email", "created_at", "updated_at") VALUES ($1, $2, $3, $4) RETURNING "id"[0m  [["name", "eric"], ["email", "eric@aol.com"], ["created_at", "2020-04-22 19:16:55.279839"], ["updated_at", "2020-04-22 19:16:55.279839"]]
  [1m[35m (2.2ms)[0m  [1m[35mCOMMIT[0m
  [1m[35m (0.2ms)[0m  [1m[35mBEGIN[0m
  [1m[36mUser Create (0.4ms)[0m  [1m[32mINSERT INTO "users" ("name", "email", "created_at", "updated_at") VALUES ($1, $2, $3, $4) RETURNING "id"[0m  [["name", "paul"], ["email", "haweh"], ["created_at", "2020-04-22 19:17:49.375334"], ["updated_at", "2020-04-22 19:17:49.375334"]]
  [1m[35m (6.5ms)[0m  [1m[35mCOMMIT[0m
Started GET "/users/" for 127.0.0.1 at 2020-04-22 15:23:45 -0400
  [1m[35m (0.9ms)[0m  [1m[34mSELECT "schema_migrations"."version" FROM "schema_migrations" ORDER BY "schema_migrations"."version" ASC[0m
  ↳ /Users/saintpablo/.rbenv/versions/2.5.1/lib/ruby/gems/2.5.0/gems/activerecord-5.2.4.2/lib/active_record/log_subscriber.rb:98
Processing by UsersController#index as */*
  [1m[36mUser Load (1.3ms)[0m  [1m[34mSELECT "users".* FROM "users"[0m
  ↳ app/controllers/users_controller.rb:3
Completed 200 OK in 21ms (Views: 8.0ms | ActiveRecord: 9.8ms)


Started POST "/users/" for 127.0.0.1 at 2020-04-22 15:29:11 -0400
Processing by UsersController#create as */*
  Parameters: {"user"=>{"name"=>"jeff", "email"=>"jeff@jeff.com"}}
  [1m[35m (0.1ms)[0m  [1m[35mBEGIN[0m
  ↳ app/controllers/users_controller.rb:8
  [1m[36mUser Create (0.6ms)[0m  [1m[32mINSERT INTO "users" ("name", "email", "created_at", "updated_at") VALUES ($1, $2, $3, $4) RETURNING "id"[0m  [["name", "jeff"], ["email", "jeff@jeff.com"], ["created_at", "2020-04-22 19:29:11.372846"], ["updated_at", "2020-04-22 19:29:11.372846"]]
  ↳ app/controllers/users_controller.rb:8
  [1m[35m (13.2ms)[0m  [1m[35mCOMMIT[0m
  ↳ app/controllers/users_controller.rb:8
Completed 200 OK in 30ms (Views: 1.0ms | ActiveRecord: 18.9ms)


Started GET "/users/" for 127.0.0.1 at 2020-04-22 15:29:32 -0400
Processing by UsersController#index as */*
  Parameters: {"user"=>{"name"=>"jeff", "email"=>"jeff@jeff.com"}}
  [1m[36mUser Load (1.2ms)[0m  [1m[34mSELECT "users".* FROM "users"[0m
  ↳ app/controllers/users_controller.rb:3
Completed 200 OK in 5ms (Views: 3.4ms | ActiveRecord: 1.2ms)


Started POST "/users/" for 127.0.0.1 at 2020-04-22 15:30:30 -0400
Processing by UsersController#create as */*
  Parameters: {"user"=>{"name"=>"jeff"}}
  [1m[35m (0.2ms)[0m  [1m[35mBEGIN[0m
  ↳ app/controllers/users_controller.rb:8
  [1m[35m (0.1ms)[0m  [1m[31mROLLBACK[0m
  ↳ app/controllers/users_controller.rb:8
Completed 422 Unprocessable Entity in 22ms (ActiveRecord: 0.4ms)



ActiveRecord::RecordInvalid - Validation failed: Email can't be blank:
  app/controllers/users_controller.rb:8:in `create'

Started POST "/users/" for 127.0.0.1 at 2020-04-22 15:33:18 -0400
Processing by UsersController#create as */*
  Parameters: {"user"=>{"name"=>"jeff"}}
  [1m[35m (0.1ms)[0m  [1m[35mBEGIN[0m
  ↳ app/controllers/users_controller.rb:8
  [1m[35m (0.2ms)[0m  [1m[31mROLLBACK[0m
  ↳ app/controllers/users_controller.rb:8
Completed 422 Unprocessable Entity in 15ms (Views: 0.2ms | ActiveRecord: 5.5ms)


Started GET "/users/?id=1" for ::1 at 2020-04-22 15:44:09 -0400
Processing by UsersController#index as */*
  Parameters: {"id"=>"1"}
  [1m[36mUser Load (2.1ms)[0m  [1m[34mSELECT "users".* FROM "users"[0m
  ↳ app/controllers/users_controller.rb:3
Completed 200 OK in 100ms (Views: 24.7ms | ActiveRecord: 51.8ms)


Started GET "/users/?id=2" for ::1 at 2020-04-22 15:44:44 -0400
Processing by UsersController#index as */*
  Parameters: {"id"=>"2"}
  [1m[36mUser Load (73.7ms)[0m  [1m[34mSELECT "users".* FROM "users"[0m
  ↳ app/controllers/users_controller.rb:3
Completed 200 OK in 80ms (Views: 6.0ms | ActiveRecord: 73.7ms)


Started GET "/users/?%27id%27=2" for ::1 at 2020-04-22 15:46:11 -0400
Processing by UsersController#index as */*
  Parameters: {"'id'"=>"2"}
  [1m[36mUser Load (0.3ms)[0m  [1m[34mSELECT "users".* FROM "users"[0m
  ↳ app/controllers/users_controller.rb:3
Completed 200 OK in 2ms (Views: 1.4ms | ActiveRecord: 0.3ms)


Started GET "/users/?%22id%22=2" for ::1 at 2020-04-22 15:46:17 -0400
Processing by UsersController#index as */*
  Parameters: {"\"id\""=>"2"}
  [1m[36mUser Load (1.4ms)[0m  [1m[34mSELECT "users".* FROM "users"[0m
  ↳ app/controllers/users_controller.rb:3
Completed 200 OK in 5ms (Views: 2.7ms | ActiveRecord: 1.4ms)


Started GET "/users/?user[id]=2" for ::1 at 2020-04-22 15:46:28 -0400
Processing by UsersController#index as */*
  Parameters: {"user"=>{"id"=>"2"}}
  [1m[36mUser Load (34.1ms)[0m  [1m[34mSELECT "users".* FROM "users"[0m
  ↳ app/controllers/users_controller.rb:3
Completed 200 OK in 37ms (Views: 1.9ms | ActiveRecord: 34.1ms)


Started GET "/users/?user[id]=2" for 127.0.0.1 at 2020-04-22 15:54:12 -0400
Processing by UsersController#index as */*
  Parameters: {"user"=>{"id"=>"2"}}
  [1m[36mUser Load (0.6ms)[0m  [1m[34mSELECT "users".* FROM "users"[0m
  ↳ app/controllers/users_controller.rb:3
Completed 200 OK in 3ms (Views: 1.6ms | ActiveRecord: 0.6ms)


Started GET "/users/2" for 127.0.0.1 at 2020-04-22 16:12:19 -0400
Processing by UsersController#show as */*
  Parameters: {"id"=>"2"}
  [1m[36mUser Load (0.6ms)[0m  [1m[34mSELECT  "users".* FROM "users" WHERE "users"."id" = $1 LIMIT $2[0m  [["id", 2], ["LIMIT", 1]]
  ↳ app/controllers/users_controller.rb:17
Completed 200 OK in 32ms (Views: 0.4ms | ActiveRecord: 12.9ms)


Started DELETE "/users/2" for 127.0.0.1 at 2020-04-22 16:13:21 -0400
Processing by UsersController#destroy as */*
  Parameters: {"id"=>"2"}
  [1m[36mUser Load (0.4ms)[0m  [1m[34mSELECT  "users".* FROM "users" WHERE "users"."id" = $1 LIMIT $2[0m  [["id", 2], ["LIMIT", 1]]
  ↳ app/controllers/users_controller.rb:31
  [1m[35m (0.1ms)[0m  [1m[35mBEGIN[0m
  ↳ app/controllers/users_controller.rb:32
  [1m[36mUser Destroy (0.4ms)[0m  [1m[31mDELETE FROM "users" WHERE "users"."id" = $1[0m  [["id", 2]]
  ↳ app/controllers/users_controller.rb:32
  [1m[35m (1.4ms)[0m  [1m[35mCOMMIT[0m
  ↳ app/controllers/users_controller.rb:32
Redirected to http://localhost:3000/users
Completed 302 Found in 6ms (ActiveRecord: 2.3ms)


Started GET "/users" for 127.0.0.1 at 2020-04-22 16:13:21 -0400
Processing by UsersController#index as */*
  [1m[36mUser Load (0.3ms)[0m  [1m[34mSELECT "users".* FROM "users"[0m
  ↳ app/controllers/users_controller.rb:3
Completed 200 OK in 3ms (Views: 2.3ms | ActiveRecord: 0.3ms)


Started PATCH "/users/3?user[name]=barry" for 127.0.0.1 at 2020-04-22 16:16:26 -0400
Processing by UsersController#update as */*
  Parameters: {"user"=>{"name"=>"barry"}, "id"=>"3"}
  [1m[36mUser Load (0.4ms)[0m  [1m[34mSELECT  "users".* FROM "users" WHERE "users"."id" = $1 LIMIT $2[0m  [["id", 3], ["LIMIT", 1]]
  ↳ app/controllers/users_controller.rb:22
  [1m[35m (0.2ms)[0m  [1m[35mBEGIN[0m
  ↳ app/controllers/users_controller.rb:23
  [1m[36mUser Update (0.5ms)[0m  [1m[33mUPDATE "users" SET "name" = $1, "updated_at" = $2 WHERE "users"."id" = $3[0m  [["name", "barry"], ["updated_at", "2020-04-22 20:16:26.738327"], ["id", 3]]
  ↳ app/controllers/users_controller.rb:23
  [1m[35m (5.9ms)[0m  [1m[35mCOMMIT[0m
  ↳ app/controllers/users_controller.rb:23
Completed 200 OK in 13ms (Views: 0.4ms | ActiveRecord: 6.9ms)


